/home/swyc/ws_cobot_pjt/ws_dsr/src/projects/rokey_arm1/install/rokey/lib/python3.10/site-packages/rokey/task_manager_bridge_final.py
/home/swyc/ws_cobot_pjt/ws_dsr/src/projects/rokey_arm1/install/rokey/lib/python3.10/site-packages/rokey/test1.py
/home/swyc/ws_cobot_pjt/ws_dsr/src/projects/rokey_arm1/install/rokey/lib/python3.10/site-packages/rokey/__init__.py
/home/swyc/ws_cobot_pjt/ws_dsr/src/projects/rokey_arm1/install/rokey/lib/python3.10/site-packages/rokey/task_manager_bridge.py
/home/swyc/ws_cobot_pjt/ws_dsr/src/projects/rokey_arm1/install/rokey/lib/python3.10/site-packages/rokey/task_manager_test.py
/home/swyc/ws_cobot_pjt/ws_dsr/src/projects/rokey_arm1/install/rokey/lib/python3.10/site-packages/rokey/manipulator2.py
/home/swyc/ws_cobot_pjt/ws_dsr/src/projects/rokey_arm1/install/rokey/lib/python3.10/site-packages/rokey/pour_pills_rotate.py
/home/swyc/ws_cobot_pjt/ws_dsr/src/projects/rokey_arm1/install/rokey/lib/python3.10/site-packages/rokey/__pycache__/task_manager_bridge_final.cpython-310.pyc
/home/swyc/ws_cobot_pjt/ws_dsr/src/projects/rokey_arm1/install/rokey/lib/python3.10/site-packages/rokey/__pycache__/test1.cpython-310.pyc
/home/swyc/ws_cobot_pjt/ws_dsr/src/projects/rokey_arm1/install/rokey/lib/python3.10/site-packages/rokey/__pycache__/__init__.cpython-310.pyc
/home/swyc/ws_cobot_pjt/ws_dsr/src/projects/rokey_arm1/install/rokey/lib/python3.10/site-packages/rokey/__pycache__/task_manager_bridge.cpython-310.pyc
/home/swyc/ws_cobot_pjt/ws_dsr/src/projects/rokey_arm1/install/rokey/lib/python3.10/site-packages/rokey/__pycache__/task_manager_test.cpython-310.pyc
/home/swyc/ws_cobot_pjt/ws_dsr/src/projects/rokey_arm1/install/rokey/lib/python3.10/site-packages/rokey/__pycache__/manipulator2.cpython-310.pyc
/home/swyc/ws_cobot_pjt/ws_dsr/src/projects/rokey_arm1/install/rokey/lib/python3.10/site-packages/rokey/__pycache__/pour_pills_rotate.cpython-310.pyc
/home/swyc/ws_cobot_pjt/ws_dsr/src/projects/rokey_arm1/install/rokey/share/ament_index/resource_index/packages/rokey
/home/swyc/ws_cobot_pjt/ws_dsr/src/projects/rokey_arm1/install/rokey/share/rokey/package.xml
/home/swyc/ws_cobot_pjt/ws_dsr/src/projects/rokey_arm1/install/rokey/lib/python3.10/site-packages/rokey-0.0.0-py3.10.egg-info/entry_points.txt
/home/swyc/ws_cobot_pjt/ws_dsr/src/projects/rokey_arm1/install/rokey/lib/python3.10/site-packages/rokey-0.0.0-py3.10.egg-info/SOURCES.txt
/home/swyc/ws_cobot_pjt/ws_dsr/src/projects/rokey_arm1/install/rokey/lib/python3.10/site-packages/rokey-0.0.0-py3.10.egg-info/dependency_links.txt
/home/swyc/ws_cobot_pjt/ws_dsr/src/projects/rokey_arm1/install/rokey/lib/python3.10/site-packages/rokey-0.0.0-py3.10.egg-info/top_level.txt
/home/swyc/ws_cobot_pjt/ws_dsr/src/projects/rokey_arm1/install/rokey/lib/python3.10/site-packages/rokey-0.0.0-py3.10.egg-info/requires.txt
/home/swyc/ws_cobot_pjt/ws_dsr/src/projects/rokey_arm1/install/rokey/lib/python3.10/site-packages/rokey-0.0.0-py3.10.egg-info/zip-safe
/home/swyc/ws_cobot_pjt/ws_dsr/src/projects/rokey_arm1/install/rokey/lib/python3.10/site-packages/rokey-0.0.0-py3.10.egg-info/PKG-INFO
/home/swyc/ws_cobot_pjt/ws_dsr/src/projects/rokey_arm1/install/rokey/lib/rokey/manipulator2.py
/home/swyc/ws_cobot_pjt/ws_dsr/src/projects/rokey_arm1/install/rokey/lib/rokey/pour_pills_rotate
/home/swyc/ws_cobot_pjt/ws_dsr/src/projects/rokey_arm1/install/rokey/lib/rokey/task_manager_bridge.py
/home/swyc/ws_cobot_pjt/ws_dsr/src/projects/rokey_arm1/install/rokey/lib/rokey/task_manager_fianl.py
/home/swyc/ws_cobot_pjt/ws_dsr/src/projects/rokey_arm1/install/rokey/lib/rokey/task_manager_test.py
/home/swyc/ws_cobot_pjt/ws_dsr/src/projects/rokey_arm1/install/rokey/lib/rokey/test1
